#
# There is insufficient memory for the Java Runtime Environment to continue.
# Native memory allocation (mmap) failed to map 65011712 bytes for G1 virtual space
# Possible reasons:
#   The system is out of physical RAM or swap space
#   The process is running with CompressedOops enabled, and the Java Heap may be blocking the growth of the native heap
# Possible solutions:
#   Reduce memory load on the system
#   Increase physical memory or swap space
#   Check if swap backing store is full
#   Decrease Java heap size (-Xmx/-Xms)
#   Decrease number of Java threads
#   Decrease Java thread stack sizes (-Xss)
#   Set larger code cache with -XX:ReservedCodeCacheSize=
#   JVM is running with Unscaled Compressed Oops mode in which the Java heap is
#     placed in the first 4GB address space. The Java Heap base address is the
#     maximum limit for the native heap growth. Please use -XX:HeapBaseMinAddress
#     to set the Java Heap base and to place the Java Heap above 4GB virtual address.
# This output file may be truncated or incomplete.
#
#  Out of Memory Error (os_windows.cpp:3530), pid=12316, tid=2732
#
# JRE version:  (18.0.2+9) (build )
# Java VM: Java HotSpot(TM) 64-Bit Server VM (18.0.2+9-61, mixed mode, sharing, tiered, compressed oops, compressed class ptrs, g1 gc, windows-amd64)
# No core dump will be written. Minidumps are not enabled by default on client versions of Windows
#

---------------  S U M M A R Y ------------

Command Line: -Dfile.encoding=UTF-8 -Dstdout.encoding=UTF-8 -Dstderr.encoding=UTF-8 --module-path=C:\Users\ADMIN\eclipse-workspace\TomatoGame.zip_expanded\TomatoGame\bin;E:\Year-3 Semester-1\CIS\Game\mysql-connector-j-8.1.0\mysql-connector-j-8.1.0\mysql-connector-j-8.1.0.jar -XX:+ShowCodeDetailsInExceptionMessages -Djdk.module.main=TomatoGame TomatoGame/com.perisic.tomato.peripherals.login

Host: Intel(R) Core(TM) i5-1035G1 CPU @ 1.00GHz, 8 cores, 3G,  Windows 11 , 64 bit Build 22621 (10.0.22621.2506)
Time: Fri Dec  8 07:07:53 2023 Sri Lanka Standard Time elapsed time: 0.011388 seconds (0d 0h 0m 0s)

---------------  T H R E A D  ---------------

Current thread (0x0000019ce2011bf0):  JavaThread "Unknown thread" [_thread_in_vm, id=2732, stack(0x00000005e4d00000,0x00000005e4e00000)]

Stack: [0x00000005e4d00000,0x00000005e4e00000]
Native frames: (J=compiled Java code, j=interpreted, Vv=VM code, C=native code)
V  [jvm.dll+0x6993ca]
V  [jvm.dll+0x7f481d]
V  [jvm.dll+0x7f612e]
V  [jvm.dll+0x7f67e3]
V  [jvm.dll+0x25cdaf]
V  [jvm.dll+0x696319]
V  [jvm.dll+0x68ae4a]
V  [jvm.dll+0x3223eb]
V  [jvm.dll+0x329dc6]
V  [jvm.dll+0x37eade]
V  [jvm.dll+0x37ed0f]
V  [jvm.dll+0x2fa16a]
V  [jvm.dll+0x2fb1cd]
V  [jvm.dll+0x7c3450]
V  [jvm.dll+0x38be61]
V  [jvm.dll+0x7a2073]
V  [jvm.dll+0x40dc3f]
V  [jvm.dll+0x40f611]
C  [jli.dll+0x526b]
C  [ucrtbase.dll+0x29363]
C  [KERNEL32.DLL+0x1257d]
C  [ntdll.dll+0x5aa58]


---------------  P R O C E S S  ---------------

Threads class SMR info:
_java_thread_list=0x00007fff5062e550, length=0, elements={
}

Java Threads: ( => current thread )

Other Threads:
  0x0000019ce2053150 WorkerThread "GC Thread#0" [stack: 0x00000005e4e00000,0x00000005e4f00000] [id=16572]
  0x0000019ce205b940 ConcurrentGCThread "G1 Main Marker" [stack: 0x00000005e4f00000,0x00000005e5000000] [id=17348]
  0x0000019ce205cba0 WorkerThread "G1 Conc#0" [stack: 0x00000005e5000000,0x00000005e5100000] [id=2720]

[error occurred during error reporting (printing all threads), id 0xc0000005, EXCEPTION_ACCESS_VIOLATION (0xc0000005) at pc=0x00007fff4fe5a707]

VM state: not at safepoint (not fully initialized)

VM Mutex/Monitor currently owned by a thread:  ([mutex/lock_event])
[0x0000019ce200c650] Heap_lock - owner thread: 0x0000019ce2011bf0

Heap address: 0x00000000c3a00000, size: 966 MB, Compressed Oops mode: 32-bit

CDS archive(s) mapped at: [0x0000000000000000-0x0000000000000000-0x0000000000000000), size 0, SharedBaseAddress: 0x0000000800000000, ArchiveRelocationMode: 0.
Narrow klass base: 0x0000000000000000, Narrow klass shift: 0, Narrow klass range: 0x0

GC Precious Log:
 CardTable entry size: 512
 Card Set container configuration: InlinePtr #cards 5 size 8 Array Of Cards #cards 12 size 40 Howl #buckets 4 coarsen threshold 1843 Howl Bitmap #cards 512 size 80 coarsen threshold 460 Card regions per heap region 1 cards per card region 2048

Heap:
 garbage-first heap   total 0K, used 0K [0x00000000c3a00000, 0x0000000100000000)
  region size 1024K, 0 young (0K), 0 survivors (0K)

[error occurred during error reporting (printing heap information), id 0xc0000005, EXCEPTION_ACCESS_VIOLATION (0xc0000005) at pc=0x00007fff50241859]

GC Heap History (0 events):
No events

Deoptimization events (0 events):
No events

Classes loaded (0 events):
No events

Classes unloaded (0 events):
No events

Classes redefined (0 events):
No events

Internal exceptions (0 events):
No events

VM Operations (0 events):
No events

Events (1 events):
Event: 0.007 Loaded shared library C:\Program Files\Java\jdk-18.0.2\bin\java.dll


Dynamic libraries:
0x00007ff705c70000 - 0x00007ff705c80000 	C:\Program Files\Java\jdk-18.0.2\bin\javaw.exe
0x00007fffc59f0000 - 0x00007fffc5c07000 	C:\WINDOWS\SYSTEM32\ntdll.dll
0x00007fff9a750000 - 0x00007fff9a769000 	C:\Program Files\Avast Software\Avast\aswhook.dll
0x00007fffc38f0000 - 0x00007fffc39b4000 	C:\WINDOWS\System32\KERNEL32.DLL
0x00007fffc3250000 - 0x00007fffc35f5000 	C:\WINDOWS\System32\KERNELBASE.dll
0x00007fffc3130000 - 0x00007fffc3241000 	C:\WINDOWS\System32\ucrtbase.dll
0x00007fffa9770000 - 0x00007fffa9788000 	C:\Program Files\Java\jdk-18.0.2\bin\jli.dll
0x00007fffa7c60000 - 0x00007fffa7c7a000 	C:\Program Files\Java\jdk-18.0.2\bin\VCRUNTIME140.dll
0x00007fffc57b0000 - 0x00007fffc5861000 	C:\WINDOWS\System32\ADVAPI32.dll
0x00007fffc3840000 - 0x00007fffc38e7000 	C:\WINDOWS\System32\msvcrt.dll
0x00007fffc54e0000 - 0x00007fffc5586000 	C:\WINDOWS\System32\sechost.dll
0x00007fffc5890000 - 0x00007fffc59a7000 	C:\WINDOWS\System32\RPCRT4.dll
0x00007fffc5600000 - 0x00007fffc57ae000 	C:\WINDOWS\System32\USER32.dll
0x00007fffc3600000 - 0x00007fffc3626000 	C:\WINDOWS\System32\win32u.dll
0x00007fffb0540000 - 0x00007fffb07d3000 	C:\WINDOWS\WinSxS\amd64_microsoft.windows.common-controls_6595b64144ccf1df_6.0.22621.2506_none_270c5ae97388e100\COMCTL32.dll
0x00007fffc3e90000 - 0x00007fffc3eb9000 	C:\WINDOWS\System32\GDI32.dll
0x00007fffc2d60000 - 0x00007fffc2e79000 	C:\WINDOWS\System32\gdi32full.dll
0x00007fffc36a0000 - 0x00007fffc373a000 	C:\WINDOWS\System32\msvcp_win.dll
0x00007fffba290000 - 0x00007fffba29a000 	C:\WINDOWS\SYSTEM32\VERSION.dll
0x00007fffc3a70000 - 0x00007fffc3aa1000 	C:\WINDOWS\System32\IMM32.DLL
0x00007fffbfbc0000 - 0x00007fffbfbcc000 	C:\Program Files\Java\jdk-18.0.2\bin\vcruntime140_1.dll
0x00007fff8b170000 - 0x00007fff8b1fd000 	C:\Program Files\Java\jdk-18.0.2\bin\msvcp140.dll
0x00007fff4fb50000 - 0x00007fff50761000 	C:\Program Files\Java\jdk-18.0.2\bin\server\jvm.dll
0x00007fffc5370000 - 0x00007fffc5378000 	C:\WINDOWS\System32\PSAPI.DLL
0x00007fffa6760000 - 0x00007fffa6769000 	C:\WINDOWS\SYSTEM32\WSOCK32.dll
0x00007fffbc560000 - 0x00007fffbc594000 	C:\WINDOWS\SYSTEM32\WINMM.dll
0x00007fffc5130000 - 0x00007fffc51a1000 	C:\WINDOWS\System32\WS2_32.dll
0x00007fffc1df0000 - 0x00007fffc1e08000 	C:\WINDOWS\SYSTEM32\kernel.appcore.dll
0x00007fffb7210000 - 0x00007fffb721a000 	C:\Program Files\Java\jdk-18.0.2\bin\jimage.dll
0x00007fffc05b0000 - 0x00007fffc07e3000 	C:\WINDOWS\SYSTEM32\DBGHELP.DLL
0x00007fffc3f40000 - 0x00007fffc42c9000 	C:\WINDOWS\System32\combase.dll
0x00007fffc3d20000 - 0x00007fffc3df7000 	C:\WINDOWS\System32\OLEAUT32.dll
0x00007fffb71d0000 - 0x00007fffb7202000 	C:\WINDOWS\SYSTEM32\dbgcore.DLL
0x00007fffc30b0000 - 0x00007fffc312a000 	C:\WINDOWS\System32\bcryptPrimitives.dll
0x00007fffa5260000 - 0x00007fffa5285000 	C:\Program Files\Java\jdk-18.0.2\bin\java.dll

dbghelp: loaded successfully - version: 4.0.5 - missing functions: none
symbol engine: initialized successfully - sym options: 0x614 - pdb path: .;C:\Program Files\Java\jdk-18.0.2\bin;C:\WINDOWS\SYSTEM32;C:\Program Files\Avast Software\Avast;C:\WINDOWS\WinSxS\amd64_microsoft.windows.common-controls_6595b64144ccf1df_6.0.22621.2506_none_270c5ae97388e100;C:\Program Files\Java\jdk-18.0.2\bin\server

VM Arguments:
jvm_args: -Dfile.encoding=UTF-8 -Dstdout.encoding=UTF-8 -Dstderr.encoding=UTF-8 --module-path=C:\Users\ADMIN\eclipse-workspace\TomatoGame.zip_expanded\TomatoGame\bin;E:\Year-3 Semester-1\CIS\Game\mysql-connector-j-8.1.0\mysql-connector-j-8.1.0\mysql-connector-j-8.1.0.jar -XX:+ShowCodeDetailsInExceptionMessages -Djdk.module.main=TomatoGame 
java_command: TomatoGame/com.perisic.tomato.peripherals.login
java_class_path (initial): <not set>
Launcher Type: SUN_STANDARD

[Global flags]
     intx CICompilerCount                          = 4                                         {product} {ergonomic}
     uint ConcGCThreads                            = 2                                         {product} {ergonomic}
     uint G1ConcRefinementThreads                  = 8                                         {product} {ergonomic}
   size_t G1HeapRegionSize                         = 1048576                                   {product} {ergonomic}
    uintx GCDrainStackTargetSize                   = 64                                        {product} {ergonomic}
   size_t InitialHeapSize                          = 65011712                                  {product} {ergonomic}
   size_t MarkStackSize                            = 4194304                                   {product} {ergonomic}
   size_t MaxHeapSize                              = 1012924416                                {product} {ergonomic}
   size_t MinHeapDeltaBytes                        = 1048576                                   {product} {ergonomic}
   size_t MinHeapSize                              = 8388608                                   {product} {ergonomic}
    uintx NonNMethodCodeHeapSize                   = 5839372                                {pd product} {ergonomic}
    uintx NonProfiledCodeHeapSize                  = 122909434                              {pd product} {ergonomic}
    uintx ProfiledCodeHeapSize                     = 122909434                              {pd product} {ergonomic}
    uintx ReservedCodeCacheSize                    = 251658240                              {pd product} {ergonomic}
     bool SegmentedCodeCache                       = true                                      {product} {ergonomic}
     bool ShowCodeDetailsInExceptionMessages       = true                                   {manageable} {command line}
   size_t SoftMaxHeapSize                          = 1012924416                             {manageable} {ergonomic}
     bool UseCompressedClassPointers               = true                           {product lp64_product} {ergonomic}
     bool UseCompressedOops                        = true                           {product lp64_product} {ergonomic}
     bool UseG1GC                                  = true                                      {product} {ergonomic}
     bool UseLargePagesIndividualAllocation        = false                                  {pd product} {ergonomic}

Logging:
Log output configuration:
 #0: stdout all=warning uptime,level,tags foldmultilines=false
 #1: stderr all=off uptime,level,tags foldmultilines=false

Environment Variables:
PATH=C:\Program Files\Common Files\Oracle\Java\javapath;C:\Program Files (x86)\Common Files\Intel\Shared Libraries\redist\intel64\compiler;C:\WINDOWS\system32;C:\WINDOWS;C:\WINDOWS\System32\Wbem;C:\WINDOWS\System32\WindowsPowerShell\v1.0\;C:\WINDOWS\System32\OpenSSH\;C:\Program Files\Microsoft SQL Server\Client SDK\ODBC\170\Tools\Binn\;C:\Program Files (x86)\Microsoft SQL Server\150\Tools\Binn\;C:\Program Files\Microsoft SQL Server\150\Tools\Binn\;C:\Program Files\Microsoft SQL Server\150\DTS\Binn\;C:\Program Files\Azure Data Studio\bin;C:\ProgramData\chocolatey\bin;C:\Users\ADMIN\AppData\Local\Microsoft\WindowsApps;;C:\Program Files\Azure Data Studio\bin
USERNAME=ADMIN
OS=Windows_NT
PROCESSOR_IDENTIFIER=Intel64 Family 6 Model 126 Stepping 5, GenuineIntel



---------------  S Y S T E M  ---------------

OS:
 Windows 11 , 64 bit Build 22621 (10.0.22621.2506)
OS uptime: 0 days 13:24 hours

CPU: total 8 (initial active 8) (4 cores per cpu, 2 threads per core) family 6 model 126 stepping 5 microcode 0xbc, cx8, cmov, fxsr, ht, mmx, 3dnowpref, sse, sse2, sse3, ssse3, sse4.1, sse4.2, popcnt, lzcnt, tsc, tscinvbit, avx, avx2, aes, erms, clmul, bmi1, bmi2, adx, avx512f, avx512dq, avx512cd, avx512bw, avx512vl, sha, fma, vzeroupper, avx512_vpopcntdq, avx512_vpclmulqdq, avx512_vaes, avx512_vnni, clflush, clflushopt, avx512_vbmi2, avx512_vbmi

Memory: 4k page, system-wide physical 3863M (257M free)
TotalPageFile size 15639M (AvailPageFile size 38M)
current process WorkingSet (physical memory assigned to process): 11M, peak: 11M
current process commit charge ("private bytes"): 60M, peak: 122M

vm_info: Java HotSpot(TM) 64-Bit Server VM (18.0.2+9-61) for windows-amd64 JRE (18.0.2+9-61), built on Jun  7 2022 13:09:01 by "mach5one" with MS VC++ 16.8 / 16.9 (VS2019)

END.
